Using pre-set license
Built from '2020.3/release' branch; Version is '2020.3.12f1 (b3b2c6512326) revision 11776710'; Using compiler version '192528614'; Build Type 'Release'
OS: 'Windows 10 Home; OS build 19043.1348; Version 2009; 64bit' Language: 'nl' Physical Memory: 8077 MB
BatchMode: 1, IsHumanControllingUs: 0, StartBugReporterOnCrash: 0, Is64bit: 1, IsPro: 0

 COMMAND LINE ARGUMENTS:
C:\Program Files\Unity\Hub\Editor\2020.3.12f1\Editor\Unity.exe
-adb2
-batchMode
-noUpm
-name
AssetImportWorker0
-projectPath
C:/Users/maxym/Desktop/Github spam/Building-Playful-Worlds
-logFile
Logs/AssetImportWorker0.log
-srvPort
55574
Successfully changed project path to: C:/Users/maxym/Desktop/Github spam/Building-Playful-Worlds
C:/Users/maxym/Desktop/Github spam/Building-Playful-Worlds
Using Asset Import Pipeline V2.
Refreshing native plugins compatible for Editor in 51.05 ms, found 2 plugins.
Preloading 0 native plugins for Editor in 0.00 ms.
Initialize engine version: 2020.3.12f1 (b3b2c6512326)
[Subsystems] Discovering subsystems at path C:/Program Files/Unity/Hub/Editor/2020.3.12f1/Editor/Data/Resources/UnitySubsystems
[Subsystems] Discovering subsystems at path C:/Users/maxym/Desktop/Github spam/Building-Playful-Worlds/Assets
GfxDevice: creating device client; threaded=0
Direct3D:
    Version:  Direct3D 11.0 [level 11.1]
    Renderer: NVIDIA GeForce GTX 1060 (ID=0x1c20)
    Vendor:   
    VRAM:     2987 MB
    Driver:   27.21.14.5730
Initialize mono
Mono path[0] = 'C:/Program Files/Unity/Hub/Editor/2020.3.12f1/Editor/Data/Managed'
Mono path[1] = 'C:/Program Files/Unity/Hub/Editor/2020.3.12f1/Editor/Data/MonoBleedingEdge/lib/mono/unityjit'
Mono config path = 'C:/Program Files/Unity/Hub/Editor/2020.3.12f1/Editor/Data/MonoBleedingEdge/etc'
Using monoOptions --debugger-agent=transport=dt_socket,embedding=1,server=y,suspend=n,address=127.0.0.1:56620
Begin MonoManager ReloadAssembly
Registering precompiled unity dll's ...
Register platform support module: C:/Program Files/Unity/Hub/Editor/2020.3.12f1/Editor/Data/PlaybackEngines/WindowsStandaloneSupport/UnityEditor.WindowsStandalone.Extensions.dll
Registered in 0.002386 seconds.
Native extension for WindowsStandalone target not found
Refreshing native plugins compatible for Editor in 53.51 ms, found 2 plugins.
Preloading 0 native plugins for Editor in 0.00 ms.
Mono: successfully reloaded assembly
- Completed reload, in  3.661 seconds
Platform modules already initialized, skipping
Registering precompiled user dll's ...
Registered in 0.137450 seconds.
Begin MonoManager ReloadAssembly
Native extension for WindowsStandalone target not found
Refreshing native plugins compatible for Editor in 46.74 ms, found 2 plugins.
Preloading 0 native plugins for Editor in 0.00 ms.
Mono: successfully reloaded assembly
- Completed reload, in  1.675 seconds
Platform modules already initialized, skipping
========================================================================
Worker process is ready to serve import requests
Launched and connected shader compiler UnityShaderCompiler.exe after 0.06 seconds
Refreshing native plugins compatible for Editor in 0.71 ms, found 2 plugins.
Preloading 0 native plugins for Editor in 0.00 ms.
Unloading 1723 Unused Serialized files (Serialized files now loaded: 0)
System memory in use before: 78.0 MB.
System memory in use after: 78.1 MB.

Unloading 20 unused Assets to reduce memory usage. Loaded Objects now: 2164.
Total: 3.547400 ms (FindLiveObjects: 0.269200 ms CreateObjectMapping: 0.078900 ms MarkObjects: 3.107300 ms  DeleteObjects: 0.090700 ms)

AssetImportParameters requested are different than current active one (requested -> active):
  custom:framework-win-MediaFoundation: 216162199b28c13a410421893ffa2e32 -> 
  custom:video-decoder-ogg-theora: a1e56fd34408186e4bbccfd4996cb3dc -> 
  custom:container-muxer-webm: aa71ff27fc2769a1b78a27578f13a17b -> 
  custom:container-demuxer-webm: 4f35f7cbe854078d1ac9338744f61a02 -> 
  custom:container-demuxer-ogg: 62fdf1f143b41e24485cea50d1cbac27 -> 
  custom:video-encoder-webm-vp8: eb34c28f22e8b96e1ab97ce403110664 -> 
  custom:video-decoder-webm-vp8: 9c59270c3fd7afecdb556c50c9e8de78 -> 
  custom:audio-decoder-ogg-vorbis: bf7c407c2cedff20999df2af8eb42d56 -> 
  custom:audio-encoder-webm-vorbis: bf7c407c2cedff20999df2af8eb42d56 -> 
========================================================================
Received Import Request.
  path: Assets/Prefabs/MuzzleFlash.prefab
  artifactKey: Guid(5c2ca0999e2878e4395e57d35c6f5d8f) Importer(815301076,1909f56bfc062723c751e8b465ee728b)
Start importing Assets/Prefabs/MuzzleFlash.prefab using Guid(5c2ca0999e2878e4395e57d35c6f5d8f) Importer(815301076,1909f56bfc062723c751e8b465ee728b)  -> (artifact id: 'a52cae18897d660293e3ad8d9ab62811') in 0.087897 seconds 
  Import took 0.094492 seconds .

========================================================================
Received Import Request.
  Time since last request: 4.153130 seconds.
  path: Assets/Prefabs/MuzzleFlash.prefab
  artifactKey: Guid(5c2ca0999e2878e4395e57d35c6f5d8f) Importer(815301076,1909f56bfc062723c751e8b465ee728b)
Start importing Assets/Prefabs/MuzzleFlash.prefab using Guid(5c2ca0999e2878e4395e57d35c6f5d8f) Importer(815301076,1909f56bfc062723c751e8b465ee728b)  -> (artifact id: 'c71236a495f368065f2c67d2868840f0') in 0.010850 seconds 
  Import took 0.016277 seconds .

========================================================================
Received Import Request.
  Time since last request: 2.189676 seconds.
  path: Assets/Prefabs/MuzzleFlash.prefab
  artifactKey: Guid(5c2ca0999e2878e4395e57d35c6f5d8f) Importer(815301076,1909f56bfc062723c751e8b465ee728b)
Start importing Assets/Prefabs/MuzzleFlash.prefab using Guid(5c2ca0999e2878e4395e57d35c6f5d8f) Importer(815301076,1909f56bfc062723c751e8b465ee728b)  -> (artifact id: 'ad76ca512b280fb1169e708b8bca4297') in 0.009012 seconds 
  Import took 0.016402 seconds .

========================================================================
Received Import Request.
  Time since last request: 0.176898 seconds.
  path: Assets/Prefabs/MuzzleFlash.prefab
  artifactKey: Guid(5c2ca0999e2878e4395e57d35c6f5d8f) Importer(815301076,1909f56bfc062723c751e8b465ee728b)
Start importing Assets/Prefabs/MuzzleFlash.prefab using Guid(5c2ca0999e2878e4395e57d35c6f5d8f) Importer(815301076,1909f56bfc062723c751e8b465ee728b)  -> (artifact id: '3bac74d8fba8986ceee04e16ed76417d') in 0.010649 seconds 
  Import took 0.016757 seconds .

========================================================================
Received Import Request.
  Time since last request: 25.277729 seconds.
  path: Assets/Weapons Pack(LOW POLY)/AK-47/Materials/1K_AK-47TXTR.mat
  artifactKey: Guid(de1f287eaa7164e47949f163c819203c) Importer(815301076,1909f56bfc062723c751e8b465ee728b)
Start importing Assets/Weapons Pack(LOW POLY)/AK-47/Materials/1K_AK-47TXTR.mat using Guid(de1f287eaa7164e47949f163c819203c) Importer(815301076,1909f56bfc062723c751e8b465ee728b)  -> (artifact id: '8a3e45696f324b26a6b427f185f319b7') in 0.143328 seconds 
  Import took 0.147564 seconds .

========================================================================
Received Import Request.
  Time since last request: 0.000266 seconds.
  path: Assets/Weapons Pack(LOW POLY)/Barret M107/Materials/1K_BarretM107_TXTR.mat
  artifactKey: Guid(9f335a0520ac2b341908b4c4e3ffc49b) Importer(815301076,1909f56bfc062723c751e8b465ee728b)
Start importing Assets/Weapons Pack(LOW POLY)/Barret M107/Materials/1K_BarretM107_TXTR.mat using Guid(9f335a0520ac2b341908b4c4e3ffc49b) Importer(815301076,1909f56bfc062723c751e8b465ee728b)  -> (artifact id: '42547b52459fda6227ca32223a082330') in 0.045463 seconds 
  Import took 0.049477 seconds .

========================================================================
Received Import Request.
  Time since last request: 0.000311 seconds.
  path: Assets/Weapons Pack(LOW POLY)/Gatling/Materials/1K_GatlingTXTR.mat
  artifactKey: Guid(135a19eaa0a1f8d48990f8c57eee801b) Importer(815301076,1909f56bfc062723c751e8b465ee728b)
Start importing Assets/Weapons Pack(LOW POLY)/Gatling/Materials/1K_GatlingTXTR.mat using Guid(135a19eaa0a1f8d48990f8c57eee801b) Importer(815301076,1909f56bfc062723c751e8b465ee728b)  -> (artifact id: '82b8086486cbc12941155344e675e818') in 0.045027 seconds 
  Import took 0.049477 seconds .

========================================================================
Received Import Request.
  Time since last request: 0.000357 seconds.
  path: Assets/Weapons Pack(LOW POLY)/SMAW Launcher/Materials/1K_SMAWtxtr.mat
  artifactKey: Guid(f4c5e9a408ca12845b8e1d1f10c4770a) Importer(815301076,1909f56bfc062723c751e8b465ee728b)
Start importing Assets/Weapons Pack(LOW POLY)/SMAW Launcher/Materials/1K_SMAWtxtr.mat using Guid(f4c5e9a408ca12845b8e1d1f10c4770a) Importer(815301076,1909f56bfc062723c751e8b465ee728b)  -> (artifact id: 'a5b2df92ee0a031b48677701907d52e7') in 0.042991 seconds 
  Import took 0.047054 seconds .

========================================================================
Received Import Request.
  Time since last request: 0.000345 seconds.
  path: Assets/Weapons Pack(LOW POLY)/Shotgun/Materials/1K_ShotGunTXTR.mat
  artifactKey: Guid(5027a9c27d7fe144e825fe061f064fae) Importer(815301076,1909f56bfc062723c751e8b465ee728b)
Start importing Assets/Weapons Pack(LOW POLY)/Shotgun/Materials/1K_ShotGunTXTR.mat using Guid(5027a9c27d7fe144e825fe061f064fae) Importer(815301076,1909f56bfc062723c751e8b465ee728b)  -> (artifact id: '8fcfae262d2a7ff91c938d6019bc7d22') in 0.041672 seconds 
  Import took 0.045853 seconds .

========================================================================
Received Import Request.
  Time since last request: 0.000926 seconds.
  path: Assets/Weapons Pack(LOW POLY)/Uzi/Materials/512_Rocket_Shell_TXTR.mat
  artifactKey: Guid(10a633f096f98c149af33bc1859670df) Importer(815301076,1909f56bfc062723c751e8b465ee728b)
Start importing Assets/Weapons Pack(LOW POLY)/Uzi/Materials/512_Rocket_Shell_TXTR.mat using Guid(10a633f096f98c149af33bc1859670df) Importer(815301076,1909f56bfc062723c751e8b465ee728b)  -> (artifact id: 'c706cbd6578286ed1c21acf15b3a6a48') in 0.019583 seconds 
  Import took 0.023029 seconds .

========================================================================
Received Import Request.
  Time since last request: 0.000387 seconds.
  path: Assets/Weapons Pack(LOW POLY)/Shotgun/Materials/512_Rocket_Shell_TXTR.mat
  artifactKey: Guid(18fb3b42959690e468071fc9e2bae816) Importer(815301076,1909f56bfc062723c751e8b465ee728b)
Start importing Assets/Weapons Pack(LOW POLY)/Shotgun/Materials/512_Rocket_Shell_TXTR.mat using Guid(18fb3b42959690e468071fc9e2bae816) Importer(815301076,1909f56bfc062723c751e8b465ee728b)  -> (artifact id: 'ee1d5075e7e98ed6ace816f66feaa448') in 0.028162 seconds 
  Import took 0.031918 seconds .

========================================================================
Received Import Request.
  Time since last request: 0.000321 seconds.
  path: Assets/Weapons Pack(LOW POLY)/Uzi/Materials/1K_UziTXTR.mat
  artifactKey: Guid(0f65e620a4962c343b6cbf1fc092954c) Importer(815301076,1909f56bfc062723c751e8b465ee728b)
Start importing Assets/Weapons Pack(LOW POLY)/Uzi/Materials/1K_UziTXTR.mat using Guid(0f65e620a4962c343b6cbf1fc092954c) Importer(815301076,1909f56bfc062723c751e8b465ee728b)  -> (artifact id: '5a1b6df93deab34c97fb4b7ba234c7f2') in 0.020475 seconds 
  Import took 0.024292 seconds .

========================================================================
Received Import Request.
  Time since last request: 0.000261 seconds.
  path: Assets/Weapons Pack(LOW POLY)/ColtM4/Materials/1K_M4TXTR.mat
  artifactKey: Guid(6c915dd849c8458489dd24ab573c660d) Importer(815301076,1909f56bfc062723c751e8b465ee728b)
Start importing Assets/Weapons Pack(LOW POLY)/ColtM4/Materials/1K_M4TXTR.mat using Guid(6c915dd849c8458489dd24ab573c660d) Importer(815301076,1909f56bfc062723c751e8b465ee728b)  -> (artifact id: '9f6cbc2e4227567d5d6489b7c0cd318a') in 0.040261 seconds 
  Import took 0.046099 seconds .

========================================================================
Received Import Request.
  Time since last request: 4.948865 seconds.
  path: Assets/Prefabs/MuzzleFlash.prefab
  artifactKey: Guid(5c2ca0999e2878e4395e57d35c6f5d8f) Importer(815301076,1909f56bfc062723c751e8b465ee728b)
Start importing Assets/Prefabs/MuzzleFlash.prefab using Guid(5c2ca0999e2878e4395e57d35c6f5d8f) Importer(815301076,1909f56bfc062723c751e8b465ee728b)  -> (artifact id: '7af146cda817a9d73e7f3df3efacfb58') in 0.009166 seconds 
  Import took 0.015134 seconds .

========================================================================
Received Import Request.
  Time since last request: 3.033276 seconds.
  path: Assets/Prefabs/MuzzleFlash.prefab
  artifactKey: Guid(5c2ca0999e2878e4395e57d35c6f5d8f) Importer(815301076,1909f56bfc062723c751e8b465ee728b)
Start importing Assets/Prefabs/MuzzleFlash.prefab using Guid(5c2ca0999e2878e4395e57d35c6f5d8f) Importer(815301076,1909f56bfc062723c751e8b465ee728b)  -> (artifact id: '23b45ce5bd9c6d25f373f5eec8d60ed1') in 0.008537 seconds 
  Import took 0.014001 seconds .

========================================================================
Received Import Request.
  Time since last request: 49.875427 seconds.
  path: Assets/Prefabs/MuzzleFlash.prefab
  artifactKey: Guid(5c2ca0999e2878e4395e57d35c6f5d8f) Importer(815301076,1909f56bfc062723c751e8b465ee728b)
Start importing Assets/Prefabs/MuzzleFlash.prefab using Guid(5c2ca0999e2878e4395e57d35c6f5d8f) Importer(815301076,1909f56bfc062723c751e8b465ee728b)  -> (artifact id: '61c2e142e6859c1f316cbd2cb00a3402') in 0.009023 seconds 
  Import took 0.017450 seconds .

AssetImportWorkerClient::OnTransportError - code=2 error=End of file
